
*** Running vivado
    with args -log top.vds -m64 -product Vivado -mode batch -messageDb vivado.pb -notrace -source top.tcl



****** Vivado v2021.2 (64-bit)
  **** SW Build 3367213 on Tue Oct 19 02:48:09 MDT 2021
  **** IP Build 3369179 on Thu Oct 21 08:25:16 MDT 2021
    ** Copyright 1986-2021 Xilinx, Inc. All Rights Reserved.

source top.tcl -notrace
create_project: Time (s): cpu = 00:00:07 ; elapsed = 00:00:07 . Memory (MB): peak = 1244.504 ; gain = 24.840
Command: read_checkpoint -auto_incremental -incremental C:/Schemotehh/Pyatnashki/Pyatnashki.srcs/utils_1/imports/synth_1/top.dcp
INFO: [Vivado 12-5825] Read reference checkpoint from C:/Schemotehh/Pyatnashki/Pyatnashki.srcs/utils_1/imports/synth_1/top.dcp for incremental synthesis
INFO: [Vivado 12-7989] Please ensure there are no constraint changes
Command: synth_design -top top -part xc7a100tcsg324-1
Starting synth_design
Attempting to get a license for feature 'Synthesis' and/or device 'xc7a100t'
INFO: [Common 17-349] Got license for feature 'Synthesis' and/or device 'xc7a100t'
INFO: [Device 21-403] Loading part xc7a100tcsg324-1
WARNING: [Designutils 20-4072] Reference run did not run incremental synthesis because the design is too small; reverting to default synthesis
INFO: [Designutils 20-4379] Flow is switching to default flow due to incremental criteria not met. If you would like to alter this behaviour and have the flow terminate instead, please set the following parameter config_implementation {autoIncr.Synth.RejectBehavior Terminate}
INFO: [Synth 8-7079] Multithreading enabled for synth_design using a maximum of 2 processes.
INFO: [Synth 8-7078] Launching helper process for spawning children vivado processes
INFO: [Synth 8-7075] Helper process launched with PID 14932
WARNING: [Synth 8-6901] identifier 'score_gfx' is used before its declaration [C:/Schemotehh/Pyatnashki/Pyatnashki.srcs/sources_1/new/vgaa.v:25]
WARNING: [Synth 8-6901] identifier 'score_gfx' is used before its declaration [C:/Schemotehh/Pyatnashki/Pyatnashki.srcs/sources_1/new/vgaa.v:26]
WARNING: [Synth 8-6901] identifier 'score_gfx' is used before its declaration [C:/Schemotehh/Pyatnashki/Pyatnashki.srcs/sources_1/new/vgaa.v:27]
WARNING: [Synth 8-6901] identifier 'score_gfx' is used before its declaration [C:/Schemotehh/Pyatnashki/Pyatnashki.srcs/sources_1/new/vgaa.v:28]
WARNING: [Synth 8-6901] identifier 'score_gfx' is used before its declaration [C:/Schemotehh/Pyatnashki/Pyatnashki.srcs/sources_1/new/vgaa.v:29]
WARNING: [Synth 8-6901] identifier 'score_gfx' is used before its declaration [C:/Schemotehh/Pyatnashki/Pyatnashki.srcs/sources_1/new/vgaa.v:30]
WARNING: [Synth 8-6901] identifier 'score_gfx' is used before its declaration [C:/Schemotehh/Pyatnashki/Pyatnashki.srcs/sources_1/new/vgaa.v:31]
WARNING: [Synth 8-6901] identifier 'score_gfx' is used before its declaration [C:/Schemotehh/Pyatnashki/Pyatnashki.srcs/sources_1/new/vgaa.v:32]
WARNING: [Synth 8-6901] identifier 'score_gfx' is used before its declaration [C:/Schemotehh/Pyatnashki/Pyatnashki.srcs/sources_1/new/vgaa.v:33]
WARNING: [Synth 8-2254] instance name 'set' matches net/port name [C:/Schemotehh/Pyatnashki/Pyatnashki.srcs/sources_1/new/top.v:18]
WARNING: [Synth 8-2254] instance name 'reset' matches net/port name [C:/Schemotehh/Pyatnashki/Pyatnashki.srcs/sources_1/new/top.v:19]
---------------------------------------------------------------------------------
Starting RTL Elaboration : Time (s): cpu = 00:00:09 ; elapsed = 00:00:11 . Memory (MB): peak = 1244.504 ; gain = 0.000
---------------------------------------------------------------------------------
INFO: [Synth 8-6157] synthesizing module 'top' [C:/Schemotehh/Pyatnashki/Pyatnashki.srcs/sources_1/new/top.v:2]
INFO: [Synth 8-6157] synthesizing module 'clk_div' [C:/Schemotehh/Pyatnashki/Pyatnashki.srcs/sources_1/new/clk_div.v:3]
INFO: [Synth 8-6155] done synthesizing module 'clk_div' (1#1) [C:/Schemotehh/Pyatnashki/Pyatnashki.srcs/sources_1/new/clk_div.v:3]
WARNING: [Synth 8-7071] port 'rst' of module 'clk_div' is unconnected for instance 'div' [C:/Schemotehh/Pyatnashki/Pyatnashki.srcs/sources_1/new/top.v:16]
WARNING: [Synth 8-7023] instance 'div' of module 'clk_div' has 3 connections declared, but only 2 given [C:/Schemotehh/Pyatnashki/Pyatnashki.srcs/sources_1/new/top.v:16]
INFO: [Synth 8-6157] synthesizing module 'keyboard' [C:/Schemotehh/Pyatnashki/Pyatnashki.srcs/sources_1/new/keyboard.v:2]
INFO: [Synth 8-6157] synthesizing module 'sync' [C:/Schemotehh/Pyatnashki/Pyatnashki.srcs/sources_1/new/sync.v:3]
INFO: [Synth 8-6157] synthesizing module 'D_trig' [C:/Schemotehh/Pyatnashki/Pyatnashki.srcs/sources_1/new/D_trig.v:3]
WARNING: [Synth 8-6014] Unused sequential element w3_reg was removed.  [C:/Schemotehh/Pyatnashki/Pyatnashki.srcs/sources_1/new/D_trig.v:22]
INFO: [Synth 8-6155] done synthesizing module 'D_trig' (2#1) [C:/Schemotehh/Pyatnashki/Pyatnashki.srcs/sources_1/new/D_trig.v:3]
INFO: [Synth 8-6155] done synthesizing module 'sync' (3#1) [C:/Schemotehh/Pyatnashki/Pyatnashki.srcs/sources_1/new/sync.v:3]
INFO: [Synth 8-6155] done synthesizing module 'keyboard' (4#1) [C:/Schemotehh/Pyatnashki/Pyatnashki.srcs/sources_1/new/keyboard.v:2]
INFO: [Synth 8-6157] synthesizing module 'bounce' [C:/Schemotehh/Pyatnashki/Pyatnashki.srcs/sources_1/new/bounce.v:3]
WARNING: [Synth 8-311] ignoring non-constant assignment in initial block [C:/Schemotehh/Pyatnashki/Pyatnashki.srcs/sources_1/new/bounce.v:11]
INFO: [Synth 8-6157] synthesizing module 'counter' [C:/Schemotehh/Pyatnashki/Pyatnashki.srcs/sources_1/new/counter.v:3]
	Parameter step bound to: 1 - type: integer 
	Parameter mod bound to: 4 - type: integer 
INFO: [Synth 8-6155] done synthesizing module 'counter' (5#1) [C:/Schemotehh/Pyatnashki/Pyatnashki.srcs/sources_1/new/counter.v:3]
WARNING: [Synth 8-689] width (2) of port connection 'qout' does not match port width (3) of module 'counter' [C:/Schemotehh/Pyatnashki/Pyatnashki.srcs/sources_1/new/bounce.v:19]
WARNING: [Synth 8-567] referenced signal 'clock_en' should be on the sensitivity list [C:/Schemotehh/Pyatnashki/Pyatnashki.srcs/sources_1/new/bounce.v:27]
INFO: [Synth 8-6155] done synthesizing module 'bounce' (6#1) [C:/Schemotehh/Pyatnashki/Pyatnashki.srcs/sources_1/new/bounce.v:3]
WARNING: [Synth 8-7071] port 'out_signal' of module 'bounce' is unconnected for instance 'set' [C:/Schemotehh/Pyatnashki/Pyatnashki.srcs/sources_1/new/top.v:18]
WARNING: [Synth 8-7023] instance 'set' of module 'bounce' has 5 connections declared, but only 4 given [C:/Schemotehh/Pyatnashki/Pyatnashki.srcs/sources_1/new/top.v:18]
WARNING: [Synth 8-7071] port 'out_signal' of module 'bounce' is unconnected for instance 'reset' [C:/Schemotehh/Pyatnashki/Pyatnashki.srcs/sources_1/new/top.v:19]
WARNING: [Synth 8-7023] instance 'reset' of module 'bounce' has 5 connections declared, but only 4 given [C:/Schemotehh/Pyatnashki/Pyatnashki.srcs/sources_1/new/top.v:19]
INFO: [Synth 8-6157] synthesizing module 'vgaa' [C:/Schemotehh/Pyatnashki/Pyatnashki.srcs/sources_1/new/vgaa.v:1]
INFO: [Synth 8-6157] synthesizing module 'hvsync_generator' [C:/Schemotehh/Pyatnashki/Pyatnashki.srcs/sources_1/new/hvsync_gen.v:2]
INFO: [Synth 8-6155] done synthesizing module 'hvsync_generator' (7#1) [C:/Schemotehh/Pyatnashki/Pyatnashki.srcs/sources_1/new/hvsync_gen.v:2]
INFO: [Synth 8-6157] synthesizing module 'scoreboard' [C:/Schemotehh/Pyatnashki/Pyatnashki.srcs/sources_1/new/scoreboard.v:2]
INFO: [Synth 8-6157] synthesizing module 'digits10_case' [C:/Schemotehh/Pyatnashki/Pyatnashki.srcs/sources_1/new/digits10.v:2]
INFO: [Synth 8-6155] done synthesizing module 'digits10_case' (8#1) [C:/Schemotehh/Pyatnashki/Pyatnashki.srcs/sources_1/new/digits10.v:2]
INFO: [Synth 8-6155] done synthesizing module 'scoreboard' (9#1) [C:/Schemotehh/Pyatnashki/Pyatnashki.srcs/sources_1/new/scoreboard.v:2]
INFO: [Synth 8-6155] done synthesizing module 'vgaa' (10#1) [C:/Schemotehh/Pyatnashki/Pyatnashki.srcs/sources_1/new/vgaa.v:1]
INFO: [Synth 8-6155] done synthesizing module 'top' (11#1) [C:/Schemotehh/Pyatnashki/Pyatnashki.srcs/sources_1/new/top.v:2]
WARNING: [Synth 8-7129] Port vpos[10] in module scoreboard is either unconnected or has no load
WARNING: [Synth 8-7129] Port vpos[0] in module scoreboard is either unconnected or has no load
WARNING: [Synth 8-7129] Port hpos[0] in module scoreboard is either unconnected or has no load
---------------------------------------------------------------------------------
Finished RTL Elaboration : Time (s): cpu = 00:00:11 ; elapsed = 00:00:13 . Memory (MB): peak = 1244.504 ; gain = 0.000
---------------------------------------------------------------------------------
---------------------------------------------------------------------------------
Start Handling Custom Attributes
---------------------------------------------------------------------------------
---------------------------------------------------------------------------------
Finished Handling Custom Attributes : Time (s): cpu = 00:00:12 ; elapsed = 00:00:15 . Memory (MB): peak = 1244.504 ; gain = 0.000
---------------------------------------------------------------------------------
---------------------------------------------------------------------------------
Finished RTL Optimization Phase 1 : Time (s): cpu = 00:00:12 ; elapsed = 00:00:15 . Memory (MB): peak = 1244.504 ; gain = 0.000
---------------------------------------------------------------------------------
Netlist sorting complete. Time (s): cpu = 00:00:00 ; elapsed = 00:00:00.041 . Memory (MB): peak = 1244.504 ; gain = 0.000
INFO: [Project 1-570] Preparing netlist for logic optimization

Processing XDC Constraints
Initializing timing engine
Parsing XDC File [C:/Schemotehh/Pyatnashki/Pyatnashki.srcs/constrs_1/new/register_constraints.xdc]
Finished Parsing XDC File [C:/Schemotehh/Pyatnashki/Pyatnashki.srcs/constrs_1/new/register_constraints.xdc]
INFO: [Project 1-236] Implementation specific constraints were found while reading constraint file [C:/Schemotehh/Pyatnashki/Pyatnashki.srcs/constrs_1/new/register_constraints.xdc]. These constraints will be ignored for synthesis but will be used in implementation. Impacted constraints are listed in the file [.Xil/top_propImpl.xdc].
Resolution: To avoid this warning, move constraints listed in [.Xil/top_propImpl.xdc] to another XDC file and exclude this new file from synthesis with the used_in_synthesis property (File Properties dialog in GUI) and re-run elaboration/synthesis.
Completed Processing XDC Constraints

Netlist sorting complete. Time (s): cpu = 00:00:00 ; elapsed = 00:00:00.001 . Memory (MB): peak = 1258.801 ; gain = 0.000
INFO: [Project 1-111] Unisim Transformation Summary:
No Unisim elements were transformed.

Constraint Validation Runtime : Time (s): cpu = 00:00:00 ; elapsed = 00:00:00.008 . Memory (MB): peak = 1258.801 ; gain = 0.000
WARNING: [Designutils 20-4072] Reference run did not run incremental synthesis because the design is too small; reverting to default synthesis
INFO: [Designutils 20-4379] Flow is switching to default flow due to incremental criteria not met. If you would like to alter this behaviour and have the flow terminate instead, please set the following parameter config_implementation {autoIncr.Synth.RejectBehavior Terminate}
---------------------------------------------------------------------------------
Finished Constraint Validation : Time (s): cpu = 00:00:24 ; elapsed = 00:00:27 . Memory (MB): peak = 1258.801 ; gain = 14.297
---------------------------------------------------------------------------------
---------------------------------------------------------------------------------
Start Loading Part and Timing Information
---------------------------------------------------------------------------------
Loading part: xc7a100tcsg324-1
---------------------------------------------------------------------------------
Finished Loading Part and Timing Information : Time (s): cpu = 00:00:24 ; elapsed = 00:00:27 . Memory (MB): peak = 1258.801 ; gain = 14.297
---------------------------------------------------------------------------------
---------------------------------------------------------------------------------
Start Applying 'set_property' XDC Constraints
---------------------------------------------------------------------------------
---------------------------------------------------------------------------------
Finished applying 'set_property' XDC Constraints : Time (s): cpu = 00:00:24 ; elapsed = 00:00:27 . Memory (MB): peak = 1258.801 ; gain = 14.297
---------------------------------------------------------------------------------
INFO: [Synth 8-802] inferred FSM for state register 'curState_reg' in module 'keyboard'
---------------------------------------------------------------------------------------------------
                   State |                     New Encoding |                Previous Encoding 
---------------------------------------------------------------------------------------------------
                 iSTATE0 |                             0001 |                               00
                 iSTATE1 |                             0010 |                               01
                 iSTATE2 |                             0100 |                               10
                  iSTATE |                             1000 |                               11
---------------------------------------------------------------------------------------------------
INFO: [Synth 8-3354] encoded FSM with state register 'curState_reg' using encoding 'one-hot' in module 'keyboard'
---------------------------------------------------------------------------------
Finished RTL Optimization Phase 2 : Time (s): cpu = 00:00:25 ; elapsed = 00:00:28 . Memory (MB): peak = 1258.801 ; gain = 14.297
---------------------------------------------------------------------------------
---------------------------------------------------------------------------------
Start RTL Component Statistics 
---------------------------------------------------------------------------------
Detailed RTL Component Info : 
+---Adders : 
	   2 Input   17 Bit       Adders := 1     
	   2 Input   11 Bit       Adders := 2     
	   2 Input    5 Bit       Adders := 2     
	   2 Input    3 Bit       Adders := 3     
	   2 Input    1 Bit       Adders := 2     
+---XORs : 
	   2 Input      3 Bit         XORs := 1     
+---Registers : 
	               64 Bit    Registers := 8     
	               17 Bit    Registers := 1     
	               11 Bit    Registers := 2     
	                8 Bit    Registers := 2     
	                6 Bit    Registers := 1     
	                5 Bit    Registers := 1     
	                3 Bit    Registers := 5     
	                1 Bit    Registers := 26    
+---ROMs : 
	                    ROMs := 1     
+---Muxes : 
	   2 Input   17 Bit        Muxes := 1     
	   4 Input    8 Bit        Muxes := 1     
	   2 Input    6 Bit        Muxes := 5     
	   8 Input    6 Bit        Muxes := 1     
	   2 Input    5 Bit        Muxes := 17    
	   4 Input    4 Bit        Muxes := 1     
	   2 Input    4 Bit        Muxes := 2     
	   9 Input    3 Bit        Muxes := 1     
	   2 Input    1 Bit        Muxes := 4     
	   3 Input    1 Bit        Muxes := 2     
	   4 Input    1 Bit        Muxes := 1     
	   9 Input    1 Bit        Muxes := 1     
	  13 Input    1 Bit        Muxes := 1     
---------------------------------------------------------------------------------
Finished RTL Component Statistics 
---------------------------------------------------------------------------------
---------------------------------------------------------------------------------
Start Part Resource Summary
---------------------------------------------------------------------------------
Part Resources:
DSPs: 240 (col length:80)
BRAMs: 270 (col length: RAMB18 80 RAMB36 40)
---------------------------------------------------------------------------------
Finished Part Resource Summary
---------------------------------------------------------------------------------
---------------------------------------------------------------------------------
Start Cross Boundary and Area Optimization
---------------------------------------------------------------------------------
WARNING: [Synth 8-7080] Parallel synthesis criteria is not met
WARNING: [Synth 8-7129] Port vpos[10] in module scoreboard is either unconnected or has no load
WARNING: [Synth 8-7129] Port vpos[0] in module scoreboard is either unconnected or has no load
WARNING: [Synth 8-7129] Port hpos[0] in module scoreboard is either unconnected or has no load
---------------------------------------------------------------------------------
Finished Cross Boundary and Area Optimization : Time (s): cpu = 00:00:31 ; elapsed = 00:00:34 . Memory (MB): peak = 1258.801 ; gain = 14.297
---------------------------------------------------------------------------------
---------------------------------------------------------------------------------
Start ROM, RAM, DSP, Shift Register and Retiming Reporting
---------------------------------------------------------------------------------

ROM: Preliminary Mapping Report
+------------+-----------------+---------------+----------------+
|Module Name | RTL Object      | Depth x Width | Implemented As | 
+------------+-----------------+---------------+----------------+
|scoreboard  | digits/bits_reg | 512x8         | Block RAM      | 
+------------+-----------------+---------------+----------------+

---------------------------------------------------------------------------------
Finished ROM, RAM, DSP, Shift Register and Retiming Reporting
---------------------------------------------------------------------------------
---------------------------------------------------------------------------------
Start Applying XDC Timing Constraints
---------------------------------------------------------------------------------
---------------------------------------------------------------------------------
Finished Applying XDC Timing Constraints : Time (s): cpu = 00:00:41 ; elapsed = 00:00:45 . Memory (MB): peak = 1258.801 ; gain = 14.297
---------------------------------------------------------------------------------
---------------------------------------------------------------------------------
Start Timing Optimization
---------------------------------------------------------------------------------
---------------------------------------------------------------------------------
Finished Timing Optimization : Time (s): cpu = 00:00:41 ; elapsed = 00:00:46 . Memory (MB): peak = 1258.801 ; gain = 14.297
---------------------------------------------------------------------------------
---------------------------------------------------------------------------------
Start Technology Mapping
---------------------------------------------------------------------------------
INFO: [Synth 8-7052] The timing for the instance vgaaaa/figure_gen/digits/bits_reg (implemented as a Block RAM) might be sub-optimal as no optional output register could be merged into the ram block. Providing additional output register may help in improving timing.
---------------------------------------------------------------------------------
Finished Technology Mapping : Time (s): cpu = 00:00:41 ; elapsed = 00:00:46 . Memory (MB): peak = 1258.801 ; gain = 14.297
---------------------------------------------------------------------------------
---------------------------------------------------------------------------------
Start IO Insertion
---------------------------------------------------------------------------------
---------------------------------------------------------------------------------
Start Flattening Before IO Insertion
---------------------------------------------------------------------------------
---------------------------------------------------------------------------------
Finished Flattening Before IO Insertion
---------------------------------------------------------------------------------
---------------------------------------------------------------------------------
Start Final Netlist Cleanup
---------------------------------------------------------------------------------
---------------------------------------------------------------------------------
Finished Final Netlist Cleanup
---------------------------------------------------------------------------------
---------------------------------------------------------------------------------
Finished IO Insertion : Time (s): cpu = 00:00:49 ; elapsed = 00:00:54 . Memory (MB): peak = 1258.801 ; gain = 14.297
---------------------------------------------------------------------------------
---------------------------------------------------------------------------------
Start Renaming Generated Instances
---------------------------------------------------------------------------------
---------------------------------------------------------------------------------
Finished Renaming Generated Instances : Time (s): cpu = 00:00:49 ; elapsed = 00:00:54 . Memory (MB): peak = 1258.801 ; gain = 14.297
---------------------------------------------------------------------------------
---------------------------------------------------------------------------------
Start Rebuilding User Hierarchy
---------------------------------------------------------------------------------
---------------------------------------------------------------------------------
Finished Rebuilding User Hierarchy : Time (s): cpu = 00:00:49 ; elapsed = 00:00:54 . Memory (MB): peak = 1258.801 ; gain = 14.297
---------------------------------------------------------------------------------
---------------------------------------------------------------------------------
Start Renaming Generated Ports
---------------------------------------------------------------------------------
---------------------------------------------------------------------------------
Finished Renaming Generated Ports : Time (s): cpu = 00:00:49 ; elapsed = 00:00:54 . Memory (MB): peak = 1258.801 ; gain = 14.297
---------------------------------------------------------------------------------
---------------------------------------------------------------------------------
Start Handling Custom Attributes
---------------------------------------------------------------------------------
---------------------------------------------------------------------------------
Finished Handling Custom Attributes : Time (s): cpu = 00:00:49 ; elapsed = 00:00:54 . Memory (MB): peak = 1258.801 ; gain = 14.297
---------------------------------------------------------------------------------
---------------------------------------------------------------------------------
Start Renaming Generated Nets
---------------------------------------------------------------------------------
---------------------------------------------------------------------------------
Finished Renaming Generated Nets : Time (s): cpu = 00:00:49 ; elapsed = 00:00:54 . Memory (MB): peak = 1258.801 ; gain = 14.297
---------------------------------------------------------------------------------
---------------------------------------------------------------------------------
Start Writing Synthesis Report
---------------------------------------------------------------------------------

Report BlackBoxes: 
+-+--------------+----------+
| |BlackBox name |Instances |
+-+--------------+----------+
+-+--------------+----------+

Report Cell Usage: 
+------+---------+------+
|      |Cell     |Count |
+------+---------+------+
|1     |BUFG     |     3|
|2     |CARRY4   |     4|
|3     |LUT1     |     6|
|4     |LUT2     |    29|
|5     |LUT3     |    15|
|6     |LUT4     |    10|
|7     |LUT5     |    24|
|8     |LUT6     |    61|
|9     |MUXF7    |     5|
|10    |RAMB18E1 |     1|
|11    |FDRE     |    84|
|12    |FDSE     |     4|
|13    |IBUF     |     3|
|14    |OBUF     |     5|
+------+---------+------+
---------------------------------------------------------------------------------
Finished Writing Synthesis Report : Time (s): cpu = 00:00:49 ; elapsed = 00:00:54 . Memory (MB): peak = 1258.801 ; gain = 14.297
---------------------------------------------------------------------------------
Synthesis finished with 0 errors, 0 critical warnings and 4 warnings.
Synthesis Optimization Runtime : Time (s): cpu = 00:00:33 ; elapsed = 00:00:51 . Memory (MB): peak = 1258.801 ; gain = 0.000
Synthesis Optimization Complete : Time (s): cpu = 00:00:49 ; elapsed = 00:00:54 . Memory (MB): peak = 1258.801 ; gain = 14.297
INFO: [Project 1-571] Translating synthesized netlist
Netlist sorting complete. Time (s): cpu = 00:00:00 ; elapsed = 00:00:00.003 . Memory (MB): peak = 1258.801 ; gain = 0.000
INFO: [Netlist 29-17] Analyzing 10 Unisim elements for replacement
INFO: [Netlist 29-28] Unisim Transformation completed in 0 CPU seconds
INFO: [Project 1-570] Preparing netlist for logic optimization
INFO: [Opt 31-138] Pushed 0 inverter(s) to 0 load pin(s).
Netlist sorting complete. Time (s): cpu = 00:00:00 ; elapsed = 00:00:00 . Memory (MB): peak = 1258.801 ; gain = 0.000
INFO: [Project 1-111] Unisim Transformation Summary:
No Unisim elements were transformed.

Synth Design complete, checksum: 6779c18e
INFO: [Common 17-83] Releasing license: Synthesis
44 Infos, 30 Warnings, 0 Critical Warnings and 0 Errors encountered.
synth_design completed successfully
synth_design: Time (s): cpu = 00:00:56 ; elapsed = 00:01:03 . Memory (MB): peak = 1258.801 ; gain = 14.297
INFO: [Common 17-1381] The checkpoint 'C:/Schemotehh/Pyatnashki/Pyatnashki.runs/synth_1/top.dcp' has been generated.
INFO: [runtcl-4] Executing : report_utilization -file top_utilization_synth.rpt -pb top_utilization_synth.pb
INFO: [Common 17-206] Exiting Vivado at Tue Dec 13 23:14:22 2022...
